[2025-11-15T16:31:55.295+0000] {processor.py:186} INFO - Started process (PID=166) to work on /opt/airflow/dags/ohlcv_minute.py
[2025-11-15T16:31:55.309+0000] {processor.py:914} INFO - Processing file /opt/airflow/dags/ohlcv_minute.py for tasks to queue
[2025-11-15T16:31:55.329+0000] {logging_mixin.py:190} INFO - [2025-11-15T16:31:55.327+0000] {dagbag.py:588} INFO - Filling up the DagBag from /opt/airflow/dags/ohlcv_minute.py
[2025-11-15T16:31:55.589+0000] {processor.py:925} INFO - DAG(s) 'ohlcv_minute' retrieved from /opt/airflow/dags/ohlcv_minute.py
[2025-11-15T16:31:57.739+0000] {logging_mixin.py:190} INFO - [2025-11-15T16:31:57.737+0000] {override.py:1911} INFO - Created Permission View: can read on DAG:ohlcv_minute
[2025-11-15T16:31:57.806+0000] {logging_mixin.py:190} INFO - [2025-11-15T16:31:57.805+0000] {override.py:1911} INFO - Created Permission View: can delete on DAG:ohlcv_minute
[2025-11-15T16:31:57.907+0000] {logging_mixin.py:190} INFO - [2025-11-15T16:31:57.906+0000] {override.py:1911} INFO - Created Permission View: can edit on DAG:ohlcv_minute
[2025-11-15T16:31:57.960+0000] {logging_mixin.py:190} INFO - [2025-11-15T16:31:57.960+0000] {override.py:1911} INFO - Created Permission View: can read on DAG Run:ohlcv_minute
[2025-11-15T16:31:57.986+0000] {logging_mixin.py:190} INFO - [2025-11-15T16:31:57.986+0000] {override.py:1911} INFO - Created Permission View: menu access on DAG Run:ohlcv_minute
[2025-11-15T16:31:58.017+0000] {logging_mixin.py:190} INFO - [2025-11-15T16:31:58.016+0000] {override.py:1911} INFO - Created Permission View: can create on DAG Run:ohlcv_minute
[2025-11-15T16:31:58.075+0000] {logging_mixin.py:190} INFO - [2025-11-15T16:31:58.074+0000] {override.py:1911} INFO - Created Permission View: can delete on DAG Run:ohlcv_minute
[2025-11-15T16:31:58.085+0000] {logging_mixin.py:190} INFO - [2025-11-15T16:31:58.084+0000] {dag.py:3239} INFO - Sync 1 DAGs
[2025-11-15T16:31:58.151+0000] {logging_mixin.py:190} INFO - [2025-11-15T16:31:58.151+0000] {dag.py:3262} INFO - Creating ORM DAG for ohlcv_minute
[2025-11-15T16:31:58.222+0000] {logging_mixin.py:190} INFO - [2025-11-15T16:31:58.222+0000] {dag.py:4180} INFO - Setting next_dagrun for ohlcv_minute to 2025-11-15 16:30:00+00:00, run_after=2025-11-15 16:31:00+00:00
[2025-11-15T16:31:58.342+0000] {processor.py:208} INFO - Processing /opt/airflow/dags/ohlcv_minute.py took 3.082 seconds
[2025-11-15T16:32:29.352+0000] {processor.py:186} INFO - Started process (PID=176) to work on /opt/airflow/dags/ohlcv_minute.py
[2025-11-15T16:32:29.357+0000] {processor.py:914} INFO - Processing file /opt/airflow/dags/ohlcv_minute.py for tasks to queue
[2025-11-15T16:32:29.369+0000] {logging_mixin.py:190} INFO - [2025-11-15T16:32:29.367+0000] {dagbag.py:588} INFO - Filling up the DagBag from /opt/airflow/dags/ohlcv_minute.py
[2025-11-15T16:32:29.684+0000] {processor.py:925} INFO - DAG(s) 'ohlcv_minute' retrieved from /opt/airflow/dags/ohlcv_minute.py
[2025-11-15T16:32:30.372+0000] {logging_mixin.py:190} INFO - [2025-11-15T16:32:30.371+0000] {dag.py:3239} INFO - Sync 1 DAGs
[2025-11-15T16:32:30.537+0000] {logging_mixin.py:190} INFO - [2025-11-15T16:32:30.536+0000] {dag.py:4180} INFO - Setting next_dagrun for ohlcv_minute to 2025-11-15 16:31:00+00:00, run_after=2025-11-15 16:32:00+00:00
[2025-11-15T16:32:30.772+0000] {processor.py:208} INFO - Processing /opt/airflow/dags/ohlcv_minute.py took 1.444 seconds
[2025-11-15T16:33:02.288+0000] {processor.py:186} INFO - Started process (PID=186) to work on /opt/airflow/dags/ohlcv_minute.py
[2025-11-15T16:33:02.350+0000] {processor.py:914} INFO - Processing file /opt/airflow/dags/ohlcv_minute.py for tasks to queue
[2025-11-15T16:33:03.172+0000] {logging_mixin.py:190} INFO - [2025-11-15T16:33:02.754+0000] {dagbag.py:588} INFO - Filling up the DagBag from /opt/airflow/dags/ohlcv_minute.py
[2025-11-15T16:33:03.563+0000] {processor.py:925} INFO - DAG(s) 'ohlcv_minute' retrieved from /opt/airflow/dags/ohlcv_minute.py
[2025-11-15T16:33:09.869+0000] {logging_mixin.py:190} INFO - [2025-11-15T16:33:09.868+0000] {dag.py:3239} INFO - Sync 1 DAGs
[2025-11-15T16:33:10.528+0000] {logging_mixin.py:190} INFO - [2025-11-15T16:33:10.527+0000] {dag.py:4180} INFO - Setting next_dagrun for ohlcv_minute to 2025-11-15 16:32:00+00:00, run_after=2025-11-15 16:33:00+00:00
[2025-11-15T16:33:10.705+0000] {processor.py:208} INFO - Processing /opt/airflow/dags/ohlcv_minute.py took 8.723 seconds
[2025-11-15T16:33:43.304+0000] {processor.py:186} INFO - Started process (PID=196) to work on /opt/airflow/dags/ohlcv_minute.py
[2025-11-15T16:33:43.324+0000] {processor.py:914} INFO - Processing file /opt/airflow/dags/ohlcv_minute.py for tasks to queue
[2025-11-15T16:33:43.420+0000] {logging_mixin.py:190} INFO - [2025-11-15T16:33:43.404+0000] {dagbag.py:588} INFO - Filling up the DagBag from /opt/airflow/dags/ohlcv_minute.py
[2025-11-15T16:33:43.820+0000] {processor.py:925} INFO - DAG(s) 'ohlcv_minute' retrieved from /opt/airflow/dags/ohlcv_minute.py
[2025-11-15T16:33:45.118+0000] {logging_mixin.py:190} INFO - [2025-11-15T16:33:45.118+0000] {dag.py:3239} INFO - Sync 1 DAGs
[2025-11-15T16:33:45.895+0000] {logging_mixin.py:190} INFO - [2025-11-15T16:33:45.894+0000] {dag.py:4180} INFO - Setting next_dagrun for ohlcv_minute to 2025-11-15 16:32:00+00:00, run_after=2025-11-15 16:33:00+00:00
[2025-11-15T16:33:45.991+0000] {processor.py:208} INFO - Processing /opt/airflow/dags/ohlcv_minute.py took 2.787 seconds
[2025-11-15T16:34:17.881+0000] {processor.py:186} INFO - Started process (PID=206) to work on /opt/airflow/dags/ohlcv_minute.py
[2025-11-15T16:34:18.024+0000] {processor.py:914} INFO - Processing file /opt/airflow/dags/ohlcv_minute.py for tasks to queue
[2025-11-15T16:34:18.745+0000] {logging_mixin.py:190} INFO - [2025-11-15T16:34:18.744+0000] {dagbag.py:588} INFO - Filling up the DagBag from /opt/airflow/dags/ohlcv_minute.py
[2025-11-15T16:34:20.267+0000] {processor.py:925} INFO - DAG(s) 'ohlcv_minute' retrieved from /opt/airflow/dags/ohlcv_minute.py
[2025-11-15T16:34:22.041+0000] {logging_mixin.py:190} INFO - [2025-11-15T16:34:22.040+0000] {dag.py:3239} INFO - Sync 1 DAGs
[2025-11-15T16:34:22.751+0000] {logging_mixin.py:190} INFO - [2025-11-15T16:34:22.748+0000] {dag.py:4180} INFO - Setting next_dagrun for ohlcv_minute to 2025-11-15 16:33:00+00:00, run_after=2025-11-15 16:34:00+00:00
[2025-11-15T16:34:25.758+0000] {processor.py:208} INFO - Processing /opt/airflow/dags/ohlcv_minute.py took 8.397 seconds
[2025-11-15T16:34:57.345+0000] {processor.py:186} INFO - Started process (PID=219) to work on /opt/airflow/dags/ohlcv_minute.py
[2025-11-15T16:34:57.473+0000] {processor.py:914} INFO - Processing file /opt/airflow/dags/ohlcv_minute.py for tasks to queue
[2025-11-15T16:34:57.542+0000] {logging_mixin.py:190} INFO - [2025-11-15T16:34:57.481+0000] {dagbag.py:588} INFO - Filling up the DagBag from /opt/airflow/dags/ohlcv_minute.py
[2025-11-15T16:34:58.064+0000] {processor.py:925} INFO - DAG(s) 'ohlcv_minute' retrieved from /opt/airflow/dags/ohlcv_minute.py
[2025-11-15T16:34:59.053+0000] {logging_mixin.py:190} INFO - [2025-11-15T16:34:59.053+0000] {dag.py:3239} INFO - Sync 1 DAGs
[2025-11-15T16:35:01.563+0000] {logging_mixin.py:190} INFO - [2025-11-15T16:35:01.562+0000] {dag.py:4180} INFO - Setting next_dagrun for ohlcv_minute to 2025-11-15 16:34:00+00:00, run_after=2025-11-15 16:35:00+00:00
[2025-11-15T16:35:02.257+0000] {processor.py:208} INFO - Processing /opt/airflow/dags/ohlcv_minute.py took 4.932 seconds
[2025-11-15T16:35:34.734+0000] {processor.py:186} INFO - Started process (PID=226) to work on /opt/airflow/dags/ohlcv_minute.py
[2025-11-15T16:35:34.738+0000] {processor.py:914} INFO - Processing file /opt/airflow/dags/ohlcv_minute.py for tasks to queue
[2025-11-15T16:35:34.756+0000] {logging_mixin.py:190} INFO - [2025-11-15T16:35:34.755+0000] {dagbag.py:588} INFO - Filling up the DagBag from /opt/airflow/dags/ohlcv_minute.py
[2025-11-15T16:35:34.845+0000] {processor.py:925} INFO - DAG(s) 'ohlcv_minute' retrieved from /opt/airflow/dags/ohlcv_minute.py
[2025-11-15T16:35:34.939+0000] {logging_mixin.py:190} INFO - [2025-11-15T16:35:34.938+0000] {dag.py:3239} INFO - Sync 1 DAGs
[2025-11-15T16:35:35.030+0000] {logging_mixin.py:190} INFO - [2025-11-15T16:35:35.029+0000] {dag.py:4180} INFO - Setting next_dagrun for ohlcv_minute to 2025-11-15 16:34:00+00:00, run_after=2025-11-15 16:35:00+00:00
[2025-11-15T16:35:35.088+0000] {processor.py:208} INFO - Processing /opt/airflow/dags/ohlcv_minute.py took 0.364 seconds
[2025-11-15T16:36:07.693+0000] {processor.py:186} INFO - Started process (PID=236) to work on /opt/airflow/dags/ohlcv_minute.py
[2025-11-15T16:36:07.720+0000] {processor.py:914} INFO - Processing file /opt/airflow/dags/ohlcv_minute.py for tasks to queue
[2025-11-15T16:36:07.855+0000] {logging_mixin.py:190} INFO - [2025-11-15T16:36:07.848+0000] {dagbag.py:588} INFO - Filling up the DagBag from /opt/airflow/dags/ohlcv_minute.py
[2025-11-15T16:36:08.473+0000] {processor.py:925} INFO - DAG(s) 'ohlcv_minute' retrieved from /opt/airflow/dags/ohlcv_minute.py
[2025-11-15T16:36:09.991+0000] {logging_mixin.py:190} INFO - [2025-11-15T16:36:09.990+0000] {dag.py:3239} INFO - Sync 1 DAGs
[2025-11-15T16:36:10.995+0000] {logging_mixin.py:190} INFO - [2025-11-15T16:36:10.994+0000] {dag.py:4180} INFO - Setting next_dagrun for ohlcv_minute to 2025-11-15 16:35:00+00:00, run_after=2025-11-15 16:36:00+00:00
[2025-11-15T16:36:11.499+0000] {processor.py:208} INFO - Processing /opt/airflow/dags/ohlcv_minute.py took 4.357 seconds
[2025-11-15T16:36:41.893+0000] {processor.py:186} INFO - Started process (PID=246) to work on /opt/airflow/dags/ohlcv_minute.py
[2025-11-15T16:36:41.898+0000] {processor.py:914} INFO - Processing file /opt/airflow/dags/ohlcv_minute.py for tasks to queue
[2025-11-15T16:36:41.907+0000] {logging_mixin.py:190} INFO - [2025-11-15T16:36:41.905+0000] {dagbag.py:588} INFO - Filling up the DagBag from /opt/airflow/dags/ohlcv_minute.py
[2025-11-15T16:36:41.949+0000] {processor.py:925} INFO - DAG(s) 'ohlcv_minute' retrieved from /opt/airflow/dags/ohlcv_minute.py
[2025-11-15T16:36:42.026+0000] {logging_mixin.py:190} INFO - [2025-11-15T16:36:42.026+0000] {dag.py:3239} INFO - Sync 1 DAGs
[2025-11-15T16:36:42.089+0000] {logging_mixin.py:190} INFO - [2025-11-15T16:36:42.088+0000] {dag.py:4180} INFO - Setting next_dagrun for ohlcv_minute to 2025-11-15 16:35:00+00:00, run_after=2025-11-15 16:36:00+00:00
[2025-11-15T16:36:42.156+0000] {processor.py:208} INFO - Processing /opt/airflow/dags/ohlcv_minute.py took 0.284 seconds
[2025-11-15T16:37:12.831+0000] {processor.py:186} INFO - Started process (PID=256) to work on /opt/airflow/dags/ohlcv_minute.py
[2025-11-15T16:37:12.835+0000] {processor.py:914} INFO - Processing file /opt/airflow/dags/ohlcv_minute.py for tasks to queue
[2025-11-15T16:37:12.847+0000] {logging_mixin.py:190} INFO - [2025-11-15T16:37:12.844+0000] {dagbag.py:588} INFO - Filling up the DagBag from /opt/airflow/dags/ohlcv_minute.py
[2025-11-15T16:37:12.905+0000] {processor.py:925} INFO - DAG(s) 'ohlcv_minute' retrieved from /opt/airflow/dags/ohlcv_minute.py
[2025-11-15T16:37:13.004+0000] {logging_mixin.py:190} INFO - [2025-11-15T16:37:13.004+0000] {dag.py:3239} INFO - Sync 1 DAGs
[2025-11-15T16:37:13.107+0000] {logging_mixin.py:190} INFO - [2025-11-15T16:37:13.107+0000] {dag.py:4180} INFO - Setting next_dagrun for ohlcv_minute to 2025-11-15 16:36:00+00:00, run_after=2025-11-15 16:37:00+00:00
[2025-11-15T16:37:13.169+0000] {processor.py:208} INFO - Processing /opt/airflow/dags/ohlcv_minute.py took 0.360 seconds
[2025-11-15T16:37:43.428+0000] {processor.py:186} INFO - Started process (PID=266) to work on /opt/airflow/dags/ohlcv_minute.py
[2025-11-15T16:37:43.429+0000] {processor.py:914} INFO - Processing file /opt/airflow/dags/ohlcv_minute.py for tasks to queue
[2025-11-15T16:37:43.432+0000] {logging_mixin.py:190} INFO - [2025-11-15T16:37:43.432+0000] {dagbag.py:588} INFO - Filling up the DagBag from /opt/airflow/dags/ohlcv_minute.py
[2025-11-15T16:37:43.483+0000] {processor.py:925} INFO - DAG(s) 'ohlcv_minute' retrieved from /opt/airflow/dags/ohlcv_minute.py
[2025-11-15T16:37:43.543+0000] {logging_mixin.py:190} INFO - [2025-11-15T16:37:43.543+0000] {dag.py:3239} INFO - Sync 1 DAGs
[2025-11-15T16:37:43.596+0000] {logging_mixin.py:190} INFO - [2025-11-15T16:37:43.595+0000] {dag.py:4180} INFO - Setting next_dagrun for ohlcv_minute to 2025-11-15 16:36:00+00:00, run_after=2025-11-15 16:37:00+00:00
[2025-11-15T16:37:43.639+0000] {processor.py:208} INFO - Processing /opt/airflow/dags/ohlcv_minute.py took 0.218 seconds
[2025-11-15T16:38:13.983+0000] {processor.py:186} INFO - Started process (PID=276) to work on /opt/airflow/dags/ohlcv_minute.py
[2025-11-15T16:38:13.984+0000] {processor.py:914} INFO - Processing file /opt/airflow/dags/ohlcv_minute.py for tasks to queue
[2025-11-15T16:38:13.987+0000] {logging_mixin.py:190} INFO - [2025-11-15T16:38:13.987+0000] {dagbag.py:588} INFO - Filling up the DagBag from /opt/airflow/dags/ohlcv_minute.py
[2025-11-15T16:38:14.012+0000] {processor.py:925} INFO - DAG(s) 'ohlcv_minute' retrieved from /opt/airflow/dags/ohlcv_minute.py
[2025-11-15T16:38:14.046+0000] {logging_mixin.py:190} INFO - [2025-11-15T16:38:14.046+0000] {dag.py:3239} INFO - Sync 1 DAGs
[2025-11-15T16:38:14.089+0000] {logging_mixin.py:190} INFO - [2025-11-15T16:38:14.088+0000] {dag.py:4180} INFO - Setting next_dagrun for ohlcv_minute to 2025-11-15 16:37:00+00:00, run_after=2025-11-15 16:38:00+00:00
[2025-11-15T16:38:14.120+0000] {processor.py:208} INFO - Processing /opt/airflow/dags/ohlcv_minute.py took 0.145 seconds
[2025-11-15T16:38:44.465+0000] {processor.py:186} INFO - Started process (PID=286) to work on /opt/airflow/dags/ohlcv_minute.py
[2025-11-15T16:38:44.466+0000] {processor.py:914} INFO - Processing file /opt/airflow/dags/ohlcv_minute.py for tasks to queue
[2025-11-15T16:38:44.468+0000] {logging_mixin.py:190} INFO - [2025-11-15T16:38:44.468+0000] {dagbag.py:588} INFO - Filling up the DagBag from /opt/airflow/dags/ohlcv_minute.py
[2025-11-15T16:38:44.487+0000] {processor.py:925} INFO - DAG(s) 'ohlcv_minute' retrieved from /opt/airflow/dags/ohlcv_minute.py
[2025-11-15T16:38:44.514+0000] {logging_mixin.py:190} INFO - [2025-11-15T16:38:44.514+0000] {dag.py:3239} INFO - Sync 1 DAGs
[2025-11-15T16:38:44.538+0000] {logging_mixin.py:190} INFO - [2025-11-15T16:38:44.538+0000] {dag.py:4180} INFO - Setting next_dagrun for ohlcv_minute to 2025-11-15 16:37:00+00:00, run_after=2025-11-15 16:38:00+00:00
[2025-11-15T16:38:44.561+0000] {processor.py:208} INFO - Processing /opt/airflow/dags/ohlcv_minute.py took 0.102 seconds
[2025-11-15T16:39:14.803+0000] {processor.py:186} INFO - Started process (PID=296) to work on /opt/airflow/dags/ohlcv_minute.py
[2025-11-15T16:39:14.804+0000] {processor.py:914} INFO - Processing file /opt/airflow/dags/ohlcv_minute.py for tasks to queue
[2025-11-15T16:39:14.807+0000] {logging_mixin.py:190} INFO - [2025-11-15T16:39:14.806+0000] {dagbag.py:588} INFO - Filling up the DagBag from /opt/airflow/dags/ohlcv_minute.py
[2025-11-15T16:39:14.839+0000] {processor.py:925} INFO - DAG(s) 'ohlcv_minute' retrieved from /opt/airflow/dags/ohlcv_minute.py
[2025-11-15T16:39:14.895+0000] {logging_mixin.py:190} INFO - [2025-11-15T16:39:14.895+0000] {dag.py:3239} INFO - Sync 1 DAGs
[2025-11-15T16:39:14.941+0000] {logging_mixin.py:190} INFO - [2025-11-15T16:39:14.941+0000] {dag.py:4180} INFO - Setting next_dagrun for ohlcv_minute to 2025-11-15 16:38:00+00:00, run_after=2025-11-15 16:39:00+00:00
[2025-11-15T16:39:14.966+0000] {processor.py:208} INFO - Processing /opt/airflow/dags/ohlcv_minute.py took 0.175 seconds
[2025-11-15T16:39:45.227+0000] {processor.py:186} INFO - Started process (PID=306) to work on /opt/airflow/dags/ohlcv_minute.py
[2025-11-15T16:39:45.228+0000] {processor.py:914} INFO - Processing file /opt/airflow/dags/ohlcv_minute.py for tasks to queue
[2025-11-15T16:39:45.231+0000] {logging_mixin.py:190} INFO - [2025-11-15T16:39:45.230+0000] {dagbag.py:588} INFO - Filling up the DagBag from /opt/airflow/dags/ohlcv_minute.py
[2025-11-15T16:39:45.251+0000] {processor.py:925} INFO - DAG(s) 'ohlcv_minute' retrieved from /opt/airflow/dags/ohlcv_minute.py
[2025-11-15T16:39:45.283+0000] {logging_mixin.py:190} INFO - [2025-11-15T16:39:45.282+0000] {dag.py:3239} INFO - Sync 1 DAGs
[2025-11-15T16:39:45.312+0000] {logging_mixin.py:190} INFO - [2025-11-15T16:39:45.312+0000] {dag.py:4180} INFO - Setting next_dagrun for ohlcv_minute to 2025-11-15 16:38:00+00:00, run_after=2025-11-15 16:39:00+00:00
[2025-11-15T16:39:45.333+0000] {processor.py:208} INFO - Processing /opt/airflow/dags/ohlcv_minute.py took 0.114 seconds
[2025-11-15T16:40:15.701+0000] {processor.py:186} INFO - Started process (PID=316) to work on /opt/airflow/dags/ohlcv_minute.py
[2025-11-15T16:40:15.703+0000] {processor.py:914} INFO - Processing file /opt/airflow/dags/ohlcv_minute.py for tasks to queue
[2025-11-15T16:40:15.707+0000] {logging_mixin.py:190} INFO - [2025-11-15T16:40:15.706+0000] {dagbag.py:588} INFO - Filling up the DagBag from /opt/airflow/dags/ohlcv_minute.py
[2025-11-15T16:40:15.737+0000] {processor.py:925} INFO - DAG(s) 'ohlcv_minute' retrieved from /opt/airflow/dags/ohlcv_minute.py
[2025-11-15T16:40:15.771+0000] {logging_mixin.py:190} INFO - [2025-11-15T16:40:15.770+0000] {dag.py:3239} INFO - Sync 1 DAGs
[2025-11-15T16:40:15.800+0000] {logging_mixin.py:190} INFO - [2025-11-15T16:40:15.800+0000] {dag.py:4180} INFO - Setting next_dagrun for ohlcv_minute to 2025-11-15 16:39:00+00:00, run_after=2025-11-15 16:40:00+00:00
[2025-11-15T16:40:15.830+0000] {processor.py:208} INFO - Processing /opt/airflow/dags/ohlcv_minute.py took 0.135 seconds
